gpasm-1.4.0 #1106 (Oct  6 2014) obj\Debug\VC.   3-31-2020  02:49:33         PAGE  1


LOC    OBJECT CODE    LINE  SOURCE TEXT
  VALUE

                      00001 ;--------------------------------------------------------
                      00002 ; File Created by SDCC : free open source ANSI-C Compiler
                      00003 ; Version 3.5.0 #9253 (Jun 20 2015) (MINGW32)
                      00004 ; This file was generated Tue Mar 31 02:49:33 2020
                      00005 ;--------------------------------------------------------
                      00006 ; PIC port for the 14-bit core
                      00007 ;--------------------------------------------------------
                      00008         .file   "VC.c"
                      00009         list    p=16f877a
                      00010         radix dec
                      00011         include "p16f877a.inc"
                      00001         LIST
                      00002 
                      00003 ;==========================================================================
                      00004 ; Build date : Aug 07 2014
                      00005 ;  MPASM PIC16F877A processor include
                      00006 ; 
                      00007 ;  (c) Copyright 1999-2014 Microchip Technology, All rights reserved
                      00008 ;==========================================================================
                      00009 
                      00567         LIST
                      00012 ;--------------------------------------------------------
                      00013 ; external declarations
                      00014 ;--------------------------------------------------------
  0000                00015         extern  _Motor_Init
  0000                00016         extern  _Motor_SetState
  0000                00017         extern  _Motor_GetState
  0000                00018         extern  _Motor_Stop
  0000                00019         extern  _Motor_Update
  0000                00020         extern  _Motor_Out
  0000                00021         extern  _Motor_GetAngel
  0000                00022         extern  _SW_Init
  0000                00023         extern  _SW_GetState
  0000                00024         extern  _SW_Update
  0000                00025         extern  __print_format
  0000                00026         extern  _printf_small
  0000                00027         extern  _printf
  0000                00028         extern  _vprintf
  0000                00029         extern  _sprintf
  0000                00030         extern  _vsprintf
  0000                00031         extern  _puts
  0000                00032         extern  _gets
  0000                00033         extern  _getchar
  0000                00034         extern  _putchar
  0000                00035         extern  _calloc
  0000                00036         extern  _malloc
  0000                00037         extern  _realloc
  0000                00038         extern  _free
  0000                00039         extern  _abs
  0000                00040         extern  _labs
  0000                00041         extern  _atof
  0000                00042         extern  _atoi
  0000                00043         extern  _atol
gpasm-1.4.0 #1106 (Oct  6 2014) obj\Debug\VC.   3-31-2020  02:49:33         PAGE  2


LOC    OBJECT CODE    LINE  SOURCE TEXT
  VALUE

  0000                00044         extern  __uitoa
  0000                00045         extern  __itoa
  0000                00046         extern  __ultoa
  0000                00047         extern  __ltoa
  0000                00048         extern  _rand
  0000                00049         extern  _srand
  0000                00050         extern  _TMR_Init
  0000                00051         extern  _TMR_Start
  0000                00052         extern  _TMR_CheckOverFlow
  0000                00053         extern  _TMR_Stop
  0000                00054         extern  _TMR_Update
  0000                00055         extern  _Delay_Init
  0000                00056         extern  _Delay_Start
  0000                00057         extern  _TMR_Delay_CheckOverFlow
  0000                00058         extern  _Delay_Stop
  0000                00059         extern  _TMR_Delay_MS
  0000                00060         extern  _STATUSbits
  0000                00061         extern  _PORTAbits
  0000                00062         extern  _PORTBbits
  0000                00063         extern  _PORTCbits
  0000                00064         extern  _PORTDbits
  0000                00065         extern  _PORTEbits
  0000                00066         extern  _INTCONbits
  0000                00067         extern  _PIR1bits
  0000                00068         extern  _PIR2bits
  0000                00069         extern  _T1CONbits
  0000                00070         extern  _T2CONbits
  0000                00071         extern  _SSPCONbits
  0000                00072         extern  _CCP1CONbits
  0000                00073         extern  _RCSTAbits
  0000                00074         extern  _CCP2CONbits
  0000                00075         extern  _ADCON0bits
  0000                00076         extern  _OPTION_REGbits
  0000                00077         extern  _TRISAbits
  0000                00078         extern  _TRISBbits
  0000                00079         extern  _TRISCbits
  0000                00080         extern  _TRISDbits
  0000                00081         extern  _TRISEbits
  0000                00082         extern  _PIE1bits
  0000                00083         extern  _PIE2bits
  0000                00084         extern  _PCONbits
  0000                00085         extern  _SSPCON2bits
  0000                00086         extern  _SSPSTATbits
  0000                00087         extern  _TXSTAbits
  0000                00088         extern  _CMCONbits
  0000                00089         extern  _CVRCONbits
  0000                00090         extern  _ADCON1bits
  0000                00091         extern  _EECON1bits
  0000                00092         extern  _INDF
  0000                00093         extern  _TMR0
  0000                00094         extern  _PCL
  0000                00095         extern  _STATUS
  0000                00096         extern  _FSR
gpasm-1.4.0 #1106 (Oct  6 2014) obj\Debug\VC.   3-31-2020  02:49:33         PAGE  3


LOC    OBJECT CODE    LINE  SOURCE TEXT
  VALUE

  0000                00097         extern  _PORTA
  0000                00098         extern  _PORTB
  0000                00099         extern  _PORTC
  0000                00100         extern  _PORTD
  0000                00101         extern  _PORTE
  0000                00102         extern  _PCLATH
  0000                00103         extern  _INTCON
  0000                00104         extern  _PIR1
  0000                00105         extern  _PIR2
  0000                00106         extern  _TMR1
  0000                00107         extern  _TMR1L
  0000                00108         extern  _TMR1H
  0000                00109         extern  _T1CON
  0000                00110         extern  _TMR2
  0000                00111         extern  _T2CON
  0000                00112         extern  _SSPBUF
  0000                00113         extern  _SSPCON
  0000                00114         extern  _CCPR1
  0000                00115         extern  _CCPR1L
  0000                00116         extern  _CCPR1H
  0000                00117         extern  _CCP1CON
  0000                00118         extern  _RCSTA
  0000                00119         extern  _TXREG
  0000                00120         extern  _RCREG
  0000                00121         extern  _CCPR2
  0000                00122         extern  _CCPR2L
  0000                00123         extern  _CCPR2H
  0000                00124         extern  _CCP2CON
  0000                00125         extern  _ADRESH
  0000                00126         extern  _ADCON0
  0000                00127         extern  _OPTION_REG
  0000                00128         extern  _TRISA
  0000                00129         extern  _TRISB
  0000                00130         extern  _TRISC
  0000                00131         extern  _TRISD
  0000                00132         extern  _TRISE
  0000                00133         extern  _PIE1
  0000                00134         extern  _PIE2
  0000                00135         extern  _PCON
  0000                00136         extern  _SSPCON2
  0000                00137         extern  _PR2
  0000                00138         extern  _SSPADD
  0000                00139         extern  _SSPSTAT
  0000                00140         extern  _TXSTA
  0000                00141         extern  _SPBRG
  0000                00142         extern  _CMCON
  0000                00143         extern  _CVRCON
  0000                00144         extern  _ADRESL
  0000                00145         extern  _ADCON1
  0000                00146         extern  _EEDATA
  0000                00147         extern  _EEADR
  0000                00148         extern  _EEDATH
  0000                00149         extern  _EEADRH
gpasm-1.4.0 #1106 (Oct  6 2014) obj\Debug\VC.   3-31-2020  02:49:33         PAGE  4


LOC    OBJECT CODE    LINE  SOURCE TEXT
  VALUE

  0000                00150         extern  _EECON1
  0000                00151         extern  _EECON2
                      00152 
  0000                00153         extern PSAVE
  0000                00154         extern SSAVE
  0000                00155         extern WSAVE
  0000                00156         extern STK12
  0000                00157         extern STK11
  0000                00158         extern STK10
  0000                00159         extern STK09
  0000                00160         extern STK08
  0000                00161         extern STK07
  0000                00162         extern STK06
  0000                00163         extern STK05
  0000                00164         extern STK04
  0000                00165         extern STK03
  0000                00166         extern STK02
  0000                00167         extern STK01
  0000                00168         extern STK00
                      00169 ;--------------------------------------------------------
                      00170 ; global declarations
                      00171 ;--------------------------------------------------------
  0000                00172         global  _VC_Update
  0000                00173         global  _VC_GetSpeed
  0000                00174         global  _VC_Init
  0000                00175         global  _VC_Cur_Speed
                      00176 
                      00177 ;--------------------------------------------------------
                      00178 ; global definitions
                      00179 ;--------------------------------------------------------
                      00180 ;--------------------------------------------------------
                      00181 ; absolute symbol definitions
                      00182 ;--------------------------------------------------------
                      00183 ;--------------------------------------------------------
                      00184 ; compiler-defined variables
                      00185 ;--------------------------------------------------------
                      00186 UDL_VC_0        udata
0000                  00187 r0x1005 res     1
0001                  00188 r0x1006 res     1
0002                  00189 _VC_Update_VC_Counter_1_55      res     2
0004                  00190 _VC_Update_D_SW_Counter_1_55    res     2
                      00191 ;--------------------------------------------------------
                      00192 ; initialized data
                      00193 ;--------------------------------------------------------
                      00194 
                      00195 ID_VC_0 idata
0000                  00196 _VC_Cur_Speed
0000   00             00197         db      0x00
                      00198 
                      00199 ;--------------------------------------------------------
                      00200 ; overlayable items in internal ram 
                      00201 ;--------------------------------------------------------
                      00202 ;       udata_ovr
gpasm-1.4.0 #1106 (Oct  6 2014) obj\Debug\VC.   3-31-2020  02:49:33         PAGE  5


LOC    OBJECT CODE    LINE  SOURCE TEXT
  VALUE

                      00203 ;--------------------------------------------------------
                      00204 ; code
                      00205 ;--------------------------------------------------------
                      00206 code_VC code
                      00207 ;***
                      00208 ;  pBlock Stats: dbName = C
                      00209 ;***
                      00210 ;entry:  _VC_Update     ;Function start
                      00211 ; 2 exit points
                      00212 ;has an exit
                      00213 ;functions called:
                      00214 ;   _SW_GetState
                      00215 ;   _SW_GetState
                      00216 ;   _SW_GetState
                      00217 ;   _SW_GetState
                      00218 ;   _SW_GetState
                      00219 ;   _SW_GetState
                      00220 ;2 compiler assigned registers:
                      00221 ;   r0x1005
                      00222 ;   r0x1006
                      00223 ;; Starting pCode block
                      00224 ;;; /home/sdcc-builder/build/sdcc-build/orig/sdcc/src/pic14/gen.c:2316:resultRemat *{*
                      00225 ;;; /home/sdcc-builder/build/sdcc-build/orig/sdcc/src/pic14/gen.c:2760:genLabel *{*
                      00226 ;; ***  genLabel  2763
                      00227 ;;; /home/sdcc-builder/build/sdcc-build/orig/sdcc/src/pic14/gen.c:2316:resultRemat *{*
                      00228 ;;; /home/sdcc-builder/build/sdcc-build/orig/sdcc/src/pic14/gen.c:2340:genFunction *{*
                      00229 ;; ***  genFunction  2342 curr label offset=8previous max_key=0 
0000                  00230 _VC_Update      ;Function start
                      00231 ; 2 exit points
                      00232 ;;; /home/sdcc-builder/build/sdcc-build/orig/sdcc/src/pic14/gen.c:2316:resultRemat *{*
                      00233 ;; ***  genPlus  611
                      00234 ;;; /home/sdcc-builder/build/sdcc-build/orig/sdcc/src/pic14/genarith.c:612:genPlus *{*
                      00235 ;; ***  aopForSym 315
                      00236 ;;      327 sym->rname = _VC_Update_VC_Counter_1_55, size = 2
                      00237 ;;      575
                      00238 ;;      line = 618 result AOP_DIR=_VC_Update_VC_Counter_1_55, size=2, left AOP_DIR=_VC_Update_VC_Counter
                            _1_55, size=2, right AOP_LIT=0x0a, size=2
                      00239 ;;; /home/sdcc-builder/build/sdcc-build/orig/sdcc/src/pic14/genarith.c:142:genPlusIncr *{*
                      00240 ;; ***  genPlusIncr  144
                      00241 ;;      result AOP_DIR, left AOP_DIR, right AOP_LIT
                      00242 ;;      genPlusIncr  156
                      00243 ;;      adding lit to something. size 2
                      00244 ;;; /home/sdcc-builder/build/sdcc-build/orig/sdcc/src/pic14/genarith.c:269:genAddLit *{*
                      00245 ;; ***  genAddLit  270
                      00246 ;; hi = 0       genAddLit  328
                      00247 ;; >>> /home/sdcc-builder/build/sdcc-build/orig/sdcc/src/pic14/genarith.c:344:genAddLit
                      00248         .line   57; "VC.c"      VC_Counter += TMR_TICK_MS;
0000   300A           00249         MOVLW   0x0a
                      00250 ;; >>> /home/sdcc-builder/build/sdcc-build/orig/sdcc/src/pic14/genarith.c:345:genAddLit
                      00251 ;;      1009
                      00252 ;;      1028  _VC_Update_VC_Counter_1_55   offset=0
0001   ???? ????      00253         BANKSEL _VC_Update_VC_Counter_1_55
0003   07??           00254         ADDWF   _VC_Update_VC_Counter_1_55,F
gpasm-1.4.0 #1106 (Oct  6 2014) obj\Debug\VC.   3-31-2020  02:49:33         PAGE  6


LOC    OBJECT CODE    LINE  SOURCE TEXT
  VALUE

                      00255 ;; >>> /home/sdcc-builder/build/sdcc-build/orig/sdcc/src/pic14/genarith.c:346:genAddLit
0004   1803           00256         BTFSC   STATUS,0
                      00257 ;; >>> /home/sdcc-builder/build/sdcc-build/orig/sdcc/src/pic14/genarith.c:347:genAddLit
                      00258 ;;      1009
                      00259 ;;      1028  _VC_Update_VC_Counter_1_55   offset=1
0005   0A??           00260         INCF    (_VC_Update_VC_Counter_1_55 + 1),F
                      00261 ;; ***  addSign  861
                      00262 ;;; /home/sdcc-builder/build/sdcc-build/orig/sdcc/src/pic14/genarith.c:862:addSign *{*
                      00263 ;;; /home/sdcc-builder/build/sdcc-build/orig/sdcc/src/pic14/gen.c:2316:resultRemat *{*
                      00264 ;;; /home/sdcc-builder/build/sdcc-build/orig/sdcc/src/pic14/gen.c:3619:genCmpEq *{*
                      00265 ;; ***  genCmpEq  3620
                      00266 ;; ifx is non-null
                      00267 ;; ***  aopForSym 315
                      00268 ;;      327 sym->rname = _VC_Update_VC_Counter_1_55, size = 2
                      00269 ;;      line = 3631 result AOP_CRY=0x00, size=0, left AOP_DIR=_VC_Update_VC_Counter_1_55, size=2, right 
                            AOP_LIT=0x14, size=2
                      00270 ;; ***  mov2w  1381  offset=0
                      00271 ;; >>> /home/sdcc-builder/build/sdcc-build/orig/sdcc/src/pic14/gen.c:1386:mov2w
                      00272 ;;      1009
                      00273 ;;      1028  _VC_Update_VC_Counter_1_55   offset=0
                      00274         .line   59; "VC.c"      if(VC_Counter != VC_PERIOD_MS)
0006   08??           00275         MOVF    _VC_Update_VC_Counter_1_55,W
                      00276 ;; >>> /home/sdcc-builder/build/sdcc-build/orig/sdcc/src/pic14/gen.c:3685:genCmpEq
0007   3A14           00277         XORLW   0x14
                      00278 ;; >>> /home/sdcc-builder/build/sdcc-build/orig/sdcc/src/pic14/gen.c:3687:genCmpEq
0008   1D03           00279         BTFSS   STATUS,2
                      00280 ;; >>> /home/sdcc-builder/build/sdcc-build/orig/sdcc/src/pic14/gen.c:3690:genCmpEq
                      00281 ;; ***  popGetLabel  key=58, label offset 12
0009   2???           00282         GOTO    _00170_DS_
                      00283 ;; ***  mov2w  1381  offset=1
                      00284 ;; >>> /home/sdcc-builder/build/sdcc-build/orig/sdcc/src/pic14/gen.c:1386:mov2w
                      00285 ;;      1009
                      00286 ;;      1028  _VC_Update_VC_Counter_1_55   offset=1
000A   08??           00287         MOVF    (_VC_Update_VC_Counter_1_55 + 1),W
                      00288 ;; >>> /home/sdcc-builder/build/sdcc-build/orig/sdcc/src/pic14/gen.c:3685:genCmpEq
                      00289         .line   61; "VC.c"      return;
000B   3A00           00290         XORLW   0x00
                      00291         .line   63; "VC.c"      VC_Counter=0;
000C   1D03           00292         BTFSS   STATUS,2
000D                  00293 _00170_DS_
000D   2???           00294         GOTO    _00137_DS_
000E   ???? ????      00295         BANKSEL _VC_Update_VC_Counter_1_55
0010   01??           00296         CLRF    _VC_Update_VC_Counter_1_55
0011   01??           00297         CLRF    (_VC_Update_VC_Counter_1_55 + 1)
                      00298 ;;; /home/sdcc-builder/build/sdcc-build/orig/sdcc/src/pic14/gen.c:2316:resultRemat *{*
                      00299 ;;; /home/sdcc-builder/build/sdcc-build/orig/sdcc/src/pic14/gen.c:6927:genAssign *{*
                      00300 ;; ***  genAssign  6928
                      00301 ;;      694 register type nRegs=1
                      00302 ;;      line = 6937 result AOP_REG=r0x104B, size=1, left -=-, size=0, right AOP_LIT=0x00, size=1
                      00303 ;; ***  genAssign  7023
                      00304 ;; >>> /home/sdcc-builder/build/sdcc-build/orig/sdcc/src/pic14/gen.c:7035:genAssign
                      00305 ;;      1109 rIdx = r0x104B 
                      00306         .line   65; "VC.c"      for(index=SW_PLUS;index<N_SWITCHES;index++)
gpasm-1.4.0 #1106 (Oct  6 2014) obj\Debug\VC.   3-31-2020  02:49:33         PAGE  7


LOC    OBJECT CODE    LINE  SOURCE TEXT
  VALUE

0012   ???? ????      00307         BANKSEL r0x1005
0014   01??           00308         CLRF    r0x1005
                      00309 ;;; /home/sdcc-builder/build/sdcc-build/orig/sdcc/src/pic14/gen.c:2316:resultRemat *{*
                      00310 ;;; /home/sdcc-builder/build/sdcc-build/orig/sdcc/src/pic14/gen.c:2760:genLabel *{*
                      00311 ;; ***  genLabel  2763
                      00312 ;;; /home/sdcc-builder/build/sdcc-build/orig/sdcc/src/pic14/gen.c:2316:resultRemat *{*
                      00313 ;;; /home/sdcc-builder/build/sdcc-build/orig/sdcc/src/pic14/gen.c:3547:genCmpGt *{*
                      00314 ;; ***  genCmpGt  3548
                      00315 ;;      694 register type nRegs=1
                      00316 ;;; /home/sdcc-builder/build/sdcc-build/orig/sdcc/src/pic14/gen.c:3294:genCmp *{*
                      00317 ;;swapping arguments (AOP_TYPEs 1/2)
                      00318 ;;unsigned compare: left >= lit(0x3=3), size=1
                      00319 ;; >>> /home/sdcc-builder/build/sdcc-build/orig/sdcc/src/pic14/gen.c:3265:pic14_mov2w_regOrLit
0015                  00320 _00135_DS_
                      00321         .line   67; "VC.c"      switch(index)
0015   3003           00322         MOVLW   0x03
                      00323 ;; >>> /home/sdcc-builder/build/sdcc-build/orig/sdcc/src/pic14/gen.c:3432:genCmp
                      00324 ;;      1109 rIdx = r0x104B 
0016   ???? ????      00325         BANKSEL r0x1005
0018   02??           00326         SUBWF   r0x1005,W
                      00327 ;;; /home/sdcc-builder/build/sdcc-build/orig/sdcc/src/pic14/gen.c:3237:genSkipc *{*
                      00328 ;; >>> /home/sdcc-builder/build/sdcc-build/orig/sdcc/src/pic14/gen.c:3242:genSkipc
0019   1803           00329         BTFSC   STATUS,0
                      00330 ;; >>> /home/sdcc-builder/build/sdcc-build/orig/sdcc/src/pic14/gen.c:3246:genSkipc
                      00331 ;; ***  popGetLabel  key=24, label offset 12
001A   2???           00332         GOTO    _00136_DS_
                      00333 ;;genSkipc:3247: created from rifx:027A5DF4
                      00334 ;;; /home/sdcc-builder/build/sdcc-build/orig/sdcc/src/pic14/gen.c:2316:resultRemat *{*
                      00335 ;;; /home/sdcc-builder/build/sdcc-build/orig/sdcc/src/pic14/gen.c:2316:resultRemat *{*
                      00336 ;;; /home/sdcc-builder/build/sdcc-build/orig/sdcc/src/pic14/gen.c:7071:genJumpTab *{*
                      00337 ;; ***  genJumpTab  7072
                      00338 ;;      694 register type nRegs=1
                      00339 ;; >>> /home/sdcc-builder/build/sdcc-build/orig/sdcc/src/pic14/gen.c:7087:genJumpTab
                      00340 ;; ***  popGetLabel  key=60, label offset 12
001B   30??           00341         MOVLW   HIGH(_00172_DS_)
                      00342 ;; >>> /home/sdcc-builder/build/sdcc-build/orig/sdcc/src/pic14/gen.c:7088:genJumpTab
001C   1283 1303      00343         BANKSEL PCLATH
001E   008A           00344         MOVWF   PCLATH
                      00345 ;; >>> /home/sdcc-builder/build/sdcc-build/orig/sdcc/src/pic14/gen.c:7089:genJumpTab
                      00346 ;; ***  popGetLabel  key=60, label offset 12
001F   30??           00347         MOVLW   _00172_DS_
                      00348 ;; >>> /home/sdcc-builder/build/sdcc-build/orig/sdcc/src/pic14/gen.c:7090:genJumpTab
                      00349 ;;      1109 rIdx = r0x104B 
0020   ???? ????      00350         BANKSEL r0x1005
0022   07??           00351         ADDWF   r0x1005,W
                      00352 ;; >>> /home/sdcc-builder/build/sdcc-build/orig/sdcc/src/pic14/gen.c:7091:genJumpTab
0023   1C03           00353         BTFSS   STATUS,0
0024   2???           00354         GOTO    _00001_DS_
                      00355 ;; >>> /home/sdcc-builder/build/sdcc-build/orig/sdcc/src/pic14/gen.c:7092:genJumpTab
0025   1283 1303      00356         BANKSEL PCLATH
0027   0A8A           00357         INCF    PCLATH,F
                      00358 ;; >>> /home/sdcc-builder/build/sdcc-build/orig/sdcc/src/pic14/gen.c:7093:genJumpTab
0028                  00359 _00001_DS_
gpasm-1.4.0 #1106 (Oct  6 2014) obj\Debug\VC.   3-31-2020  02:49:33         PAGE  8


LOC    OBJECT CODE    LINE  SOURCE TEXT
  VALUE

0028   0082           00360         MOVWF   PCL
                      00361 ;; >>> /home/sdcc-builder/build/sdcc-build/orig/sdcc/src/pic14/gen.c:7102:genJumpTab
                      00362 ;; ***  popGetLabel  key=3, label offset 12
0029                  00363 _00172_DS_
0029   2???           00364         GOTO    _00115_DS_
                      00365 ;; >>> /home/sdcc-builder/build/sdcc-build/orig/sdcc/src/pic14/gen.c:7102:genJumpTab
                      00366 ;; ***  popGetLabel  key=8, label offset 12
002A   2???           00367         GOTO    _00120_DS_
                      00368 ;; >>> /home/sdcc-builder/build/sdcc-build/orig/sdcc/src/pic14/gen.c:7102:genJumpTab
                      00369 ;; ***  popGetLabel  key=13, label offset 12
002B   2???           00370         GOTO    _00125_DS_
                      00371 ;;; /home/sdcc-builder/build/sdcc-build/orig/sdcc/src/pic14/gen.c:2316:resultRemat *{*
                      00372 ;;; /home/sdcc-builder/build/sdcc-build/orig/sdcc/src/pic14/gen.c:2760:genLabel *{*
                      00373 ;; ***  genLabel  2763
                      00374 ;;; /home/sdcc-builder/build/sdcc-build/orig/sdcc/src/pic14/gen.c:2316:resultRemat *{*
                      00375 ;;; /home/sdcc-builder/build/sdcc-build/orig/sdcc/src/pic14/gen.c:2316:resultRemat *{*
                      00376 ;;; /home/sdcc-builder/build/sdcc-build/orig/sdcc/src/pic14/gen.c:2086:genCall *{*
                      00377 ;; ***  genCall  2088
                      00378 ;;; /home/sdcc-builder/build/sdcc-build/orig/sdcc/src/pic14/gen.c:1801:saveRegisters *{*
                      00379 ;; ***  saveRegisters  1803
                      00380 ;;      2135 left AOP_LIT
                      00381 ;;; /home/sdcc-builder/build/sdcc-build/orig/sdcc/src/pic14/gen.c:1343:mov2w_op *{*
                      00382 ;; >>> /home/sdcc-builder/build/sdcc-build/orig/sdcc/src/pic14/gen.c:1361:mov2w_op
002C                  00383 _00115_DS_
                      00384         .line   70; "VC.c"      if(SW_GetState(SW_PLUS)==SW_PRE_PRESSED)
002C   3000           00385         MOVLW   0x00
                      00386 ;; >>> /home/sdcc-builder/build/sdcc-build/orig/sdcc/src/pic14/gen.c:2173:genCall
002D   ???? ????      00387         PAGESEL _SW_GetState
                      00388 ;; >>> /home/sdcc-builder/build/sdcc-build/orig/sdcc/src/pic14/gen.c:2175:genCall
002F   2???           00389         CALL    _SW_GetState
                      00390 ;; >>> /home/sdcc-builder/build/sdcc-build/orig/sdcc/src/pic14/gen.c:2181:genCall
0030   ???? ????      00391         PAGESEL $
                      00392 ;;      694 register type nRegs=1
                      00393 ;;; /home/sdcc-builder/build/sdcc-build/orig/sdcc/src/pic14/gen.c:1907:assignResultValue *{*
                      00394 ;; ***  assignResultValue  1909
                      00395 ;;      line = 1911 result -=-, size=0, left AOP_REG=r0x104C, size=1, right -=-, size=0
                      00396 ;; >>> /home/sdcc-builder/build/sdcc-build/orig/sdcc/src/pic14/gen.c:1393:movwf
                      00397 ;;      1109 rIdx = r0x104C 
0032   ???? ????      00398         BANKSEL r0x1006
0034   00??           00399         MOVWF   r0x1006
0035   3A01           00400         XORLW   0x01
                      00401 ;; >>> /home/sdcc-builder/build/sdcc-build/orig/sdcc/src/pic14/gen.c:3687:genCmpEq
0036   1D03           00402         BTFSS   STATUS,2
                      00403 ;; >>> /home/sdcc-builder/build/sdcc-build/orig/sdcc/src/pic14/gen.c:3690:genCmpEq
                      00404 ;; ***  popGetLabel  key=24, label offset 12
0037   2???           00405         GOTO    _00136_DS_
                      00406 ;;; /home/sdcc-builder/build/sdcc-build/orig/sdcc/src/pic14/gen.c:2316:resultRemat *{*
                      00407 ;;; /home/sdcc-builder/build/sdcc-build/orig/sdcc/src/pic14/gen.c:2316:resultRemat *{*
                      00408 ;;; /home/sdcc-builder/build/sdcc-build/orig/sdcc/src/pic14/gen.c:3583:genCmpLt *{*
                      00409 ;; ***  genCmpLt  3584
                      00410 ;; ***  aopForSym 315
                      00411 ;;      327 sym->rname = _VC_Cur_Speed, size = 1
                      00412 ;;; /home/sdcc-builder/build/sdcc-build/orig/sdcc/src/pic14/gen.c:3294:genCmp *{*
gpasm-1.4.0 #1106 (Oct  6 2014) obj\Debug\VC.   3-31-2020  02:49:33         PAGE  9


LOC    OBJECT CODE    LINE  SOURCE TEXT
  VALUE

                      00413 ;;unsigned compare: left < lit(0x3=3), size=1
                      00414 ;; >>> /home/sdcc-builder/build/sdcc-build/orig/sdcc/src/pic14/gen.c:3265:pic14_mov2w_regOrLit
                      00415         .line   72; "VC.c"      if(VC_Cur_Speed<VC_MAX_Speed)
0038   3003           00416         MOVLW   0x03
                      00417 ;; >>> /home/sdcc-builder/build/sdcc-build/orig/sdcc/src/pic14/gen.c:3432:genCmp
                      00418 ;;      1009
                      00419 ;;      1028  _VC_Cur_Speed   offset=0
0039   ???? ????      00420         BANKSEL _VC_Cur_Speed
003B   02??           00421         SUBWF   _VC_Cur_Speed,W
                      00422 ;;; /home/sdcc-builder/build/sdcc-build/orig/sdcc/src/pic14/gen.c:3237:genSkipc *{*
                      00423 ;; >>> /home/sdcc-builder/build/sdcc-build/orig/sdcc/src/pic14/gen.c:3242:genSkipc
003C   1803           00424         BTFSC   STATUS,0
                      00425 ;; >>> /home/sdcc-builder/build/sdcc-build/orig/sdcc/src/pic14/gen.c:3246:genSkipc
                      00426 ;; ***  popGetLabel  key=24, label offset 12
003D   2???           00427         GOTO    _00136_DS_
                      00428 ;;genSkipc:3247: created from rifx:027A5DF4
                      00429 ;;; /home/sdcc-builder/build/sdcc-build/orig/sdcc/src/pic14/gen.c:2316:resultRemat *{*
                      00430 ;;; /home/sdcc-builder/build/sdcc-build/orig/sdcc/src/pic14/gen.c:2316:resultRemat *{*
                      00431 ;; ***  genPlus  611
                      00432 ;;; /home/sdcc-builder/build/sdcc-build/orig/sdcc/src/pic14/genarith.c:612:genPlus *{*
                      00433 ;; ***  aopForSym 315
                      00434 ;;      327 sym->rname = _VC_Cur_Speed, size = 1
                      00435 ;;      line = 618 result AOP_DIR=_VC_Cur_Speed, size=1, left AOP_DIR=_VC_Cur_Speed, size=1, right AOP_L
                            IT=0x01, size=1
                      00436 ;;; /home/sdcc-builder/build/sdcc-build/orig/sdcc/src/pic14/genarith.c:142:genPlusIncr *{*
                      00437 ;; ***  genPlusIncr  144
                      00438 ;;      result AOP_DIR, left AOP_DIR, right AOP_LIT
                      00439 ;;      genPlusIncr  156
                      00440 ;; >>> /home/sdcc-builder/build/sdcc-build/orig/sdcc/src/pic14/genarith.c:168:genPlusIncr
                      00441 ;;      1009
                      00442 ;;      1028  _VC_Cur_Speed   offset=0
                      00443         .line   74; "VC.c"      VC_Cur_Speed++;
003E   0A??           00444         INCF    _VC_Cur_Speed,F
                      00445 ;;; /home/sdcc-builder/build/sdcc-build/orig/sdcc/src/pic14/gen.c:2316:resultRemat *{*
                      00446 ;;; /home/sdcc-builder/build/sdcc-build/orig/sdcc/src/pic14/gen.c:2778:genGoto *{*
                      00447 ;; >>> /home/sdcc-builder/build/sdcc-build/orig/sdcc/src/pic14/gen.c:2780:genGoto
                      00448 ;; ***  popGetLabel  key=24, label offset 12
                      00449         .line   85; "VC.c"      break;
003F   2???           00450         GOTO    _00136_DS_
                      00451 ;;; /home/sdcc-builder/build/sdcc-build/orig/sdcc/src/pic14/gen.c:2316:resultRemat *{*
                      00452 ;;; /home/sdcc-builder/build/sdcc-build/orig/sdcc/src/pic14/gen.c:2760:genLabel *{*
                      00453 ;; ***  genLabel  2763
                      00454 ;;; /home/sdcc-builder/build/sdcc-build/orig/sdcc/src/pic14/gen.c:2316:resultRemat *{*
                      00455 ;;; /home/sdcc-builder/build/sdcc-build/orig/sdcc/src/pic14/gen.c:2316:resultRemat *{*
                      00456 ;;; /home/sdcc-builder/build/sdcc-build/orig/sdcc/src/pic14/gen.c:2086:genCall *{*
                      00457 ;; ***  genCall  2088
                      00458 ;;; /home/sdcc-builder/build/sdcc-build/orig/sdcc/src/pic14/gen.c:1801:saveRegisters *{*
                      00459 ;; ***  saveRegisters  1803
                      00460 ;;      2135 left AOP_LIT
                      00461 ;;; /home/sdcc-builder/build/sdcc-build/orig/sdcc/src/pic14/gen.c:1343:mov2w_op *{*
                      00462 ;; >>> /home/sdcc-builder/build/sdcc-build/orig/sdcc/src/pic14/gen.c:1361:mov2w_op
0040                  00463 _00120_DS_
                      00464         .line   88; "VC.c"      if(SW_GetState(SW_MINUS)==SW_PRE_PRESSED)
gpasm-1.4.0 #1106 (Oct  6 2014) obj\Debug\VC.   3-31-2020  02:49:33         PAGE 10


LOC    OBJECT CODE    LINE  SOURCE TEXT
  VALUE

0040   3001           00465         MOVLW   0x01
                      00466 ;; >>> /home/sdcc-builder/build/sdcc-build/orig/sdcc/src/pic14/gen.c:2173:genCall
0041   ???? ????      00467         PAGESEL _SW_GetState
                      00468 ;; >>> /home/sdcc-builder/build/sdcc-build/orig/sdcc/src/pic14/gen.c:2175:genCall
0043   2???           00469         CALL    _SW_GetState
                      00470 ;; >>> /home/sdcc-builder/build/sdcc-build/orig/sdcc/src/pic14/gen.c:2181:genCall
0044   ???? ????      00471         PAGESEL $
                      00472 ;;      694 register type nRegs=1
                      00473 ;;; /home/sdcc-builder/build/sdcc-build/orig/sdcc/src/pic14/gen.c:1907:assignResultValue *{*
                      00474 ;; ***  assignResultValue  1909
                      00475 ;;      line = 1911 result -=-, size=0, left AOP_REG=r0x104C, size=1, right -=-, size=0
                      00476 ;; >>> /home/sdcc-builder/build/sdcc-build/orig/sdcc/src/pic14/gen.c:1393:movwf
                      00477 ;;      1109 rIdx = r0x104C 
0046   ???? ????      00478         BANKSEL r0x1006
0048   00??           00479         MOVWF   r0x1006
0049   3A01           00480         XORLW   0x01
                      00481 ;; >>> /home/sdcc-builder/build/sdcc-build/orig/sdcc/src/pic14/gen.c:3687:genCmpEq
004A   1D03           00482         BTFSS   STATUS,2
                      00483 ;; >>> /home/sdcc-builder/build/sdcc-build/orig/sdcc/src/pic14/gen.c:3690:genCmpEq
                      00484 ;; ***  popGetLabel  key=24, label offset 12
004B   2???           00485         GOTO    _00136_DS_
                      00486 ;;; /home/sdcc-builder/build/sdcc-build/orig/sdcc/src/pic14/gen.c:2316:resultRemat *{*
                      00487 ;;; /home/sdcc-builder/build/sdcc-build/orig/sdcc/src/pic14/gen.c:2316:resultRemat *{*
                      00488 ;;; /home/sdcc-builder/build/sdcc-build/orig/sdcc/src/pic14/gen.c:3547:genCmpGt *{*
                      00489 ;; ***  genCmpGt  3548
                      00490 ;; ***  aopForSym 315
                      00491 ;;      327 sym->rname = _VC_Cur_Speed, size = 1
                      00492 ;;; /home/sdcc-builder/build/sdcc-build/orig/sdcc/src/pic14/gen.c:3294:genCmp *{*
                      00493 ;;swapping arguments (AOP_TYPEs 1/3)
                      00494 ;;unsigned compare: left >= lit(0x2=2), size=1
                      00495 ;; >>> /home/sdcc-builder/build/sdcc-build/orig/sdcc/src/pic14/gen.c:3265:pic14_mov2w_regOrLit
                      00496         .line   90; "VC.c"      if(VC_Cur_Speed>VC_MIN_Speed)
004C   3002           00497         MOVLW   0x02
                      00498 ;; >>> /home/sdcc-builder/build/sdcc-build/orig/sdcc/src/pic14/gen.c:3432:genCmp
                      00499 ;;      1009
                      00500 ;;      1028  _VC_Cur_Speed   offset=0
004D   ???? ????      00501         BANKSEL _VC_Cur_Speed
004F   02??           00502         SUBWF   _VC_Cur_Speed,W
                      00503 ;;; /home/sdcc-builder/build/sdcc-build/orig/sdcc/src/pic14/gen.c:3237:genSkipc *{*
                      00504 ;; >>> /home/sdcc-builder/build/sdcc-build/orig/sdcc/src/pic14/gen.c:3244:genSkipc
0050   1C03           00505         BTFSS   STATUS,0
                      00506 ;; >>> /home/sdcc-builder/build/sdcc-build/orig/sdcc/src/pic14/gen.c:3246:genSkipc
                      00507 ;; ***  popGetLabel  key=24, label offset 12
0051   2???           00508         GOTO    _00136_DS_
                      00509 ;;genSkipc:3247: created from rifx:027A5DF4
                      00510 ;;; /home/sdcc-builder/build/sdcc-build/orig/sdcc/src/pic14/gen.c:2316:resultRemat *{*
                      00511 ;;; /home/sdcc-builder/build/sdcc-build/orig/sdcc/src/pic14/gen.c:2316:resultRemat *{*
                      00512 ;;; /home/sdcc-builder/build/sdcc-build/orig/sdcc/src/pic14/gen.c:7317:genDjnz *{*
                      00513 ;; ***  genDjnz  7318
                      00514 ;;; /home/sdcc-builder/build/sdcc-build/orig/sdcc/src/pic14/genarith.c:896:genMinus *{*
                      00515 ;; ***  genMinus  897
                      00516 ;; ***  aopForSym 315
                      00517 ;;      327 sym->rname = _VC_Cur_Speed, size = 1
gpasm-1.4.0 #1106 (Oct  6 2014) obj\Debug\VC.   3-31-2020  02:49:33         PAGE 11


LOC    OBJECT CODE    LINE  SOURCE TEXT
  VALUE

                      00518 ;;      result AOP_DIR, left AOP_DIR, right AOP_LIT
                      00519 ;;; /home/sdcc-builder/build/sdcc-build/orig/sdcc/src/pic14/genarith.c:269:genAddLit *{*
                      00520 ;; ***  genAddLit  270
                      00521 ;;; /home/sdcc-builder/build/sdcc-build/orig/sdcc/src/pic14/genarith.c:233:genAddLit2byte *{*
                      00522 ;; >>> /home/sdcc-builder/build/sdcc-build/orig/sdcc/src/pic14/genarith.c:242:genAddLit2byte
                      00523 ;;      1009
                      00524 ;;      1028  _VC_Cur_Speed   offset=0
                      00525         .line   92; "VC.c"      VC_Cur_Speed--;
0052   03??           00526         DECF    _VC_Cur_Speed,F
                      00527 ;; ***  addSign  861
                      00528 ;;; /home/sdcc-builder/build/sdcc-build/orig/sdcc/src/pic14/genarith.c:862:addSign *{*
                      00529 ;;; /home/sdcc-builder/build/sdcc-build/orig/sdcc/src/pic14/gen.c:2316:resultRemat *{*
                      00530 ;;; /home/sdcc-builder/build/sdcc-build/orig/sdcc/src/pic14/gen.c:2778:genGoto *{*
                      00531 ;; >>> /home/sdcc-builder/build/sdcc-build/orig/sdcc/src/pic14/gen.c:2780:genGoto
                      00532 ;; ***  popGetLabel  key=24, label offset 12
                      00533         .line   103; "VC.c"     break;
0053   2???           00534         GOTO    _00136_DS_
                      00535 ;;; /home/sdcc-builder/build/sdcc-build/orig/sdcc/src/pic14/gen.c:2316:resultRemat *{*
                      00536 ;;; /home/sdcc-builder/build/sdcc-build/orig/sdcc/src/pic14/gen.c:2760:genLabel *{*
                      00537 ;; ***  genLabel  2763
                      00538 ;;; /home/sdcc-builder/build/sdcc-build/orig/sdcc/src/pic14/gen.c:2316:resultRemat *{*
                      00539 ;;; /home/sdcc-builder/build/sdcc-build/orig/sdcc/src/pic14/gen.c:2316:resultRemat *{*
                      00540 ;;; /home/sdcc-builder/build/sdcc-build/orig/sdcc/src/pic14/gen.c:2086:genCall *{*
                      00541 ;; ***  genCall  2088
                      00542 ;;; /home/sdcc-builder/build/sdcc-build/orig/sdcc/src/pic14/gen.c:1801:saveRegisters *{*
                      00543 ;; ***  saveRegisters  1803
                      00544 ;;      2135 left AOP_LIT
                      00545 ;;; /home/sdcc-builder/build/sdcc-build/orig/sdcc/src/pic14/gen.c:1343:mov2w_op *{*
                      00546 ;; >>> /home/sdcc-builder/build/sdcc-build/orig/sdcc/src/pic14/gen.c:1361:mov2w_op
0054                  00547 _00125_DS_
                      00548         .line   106; "VC.c"     if(SW_GetState(SW_D)==SW_PRESSED)
0054   3002           00549         MOVLW   0x02
                      00550 ;; >>> /home/sdcc-builder/build/sdcc-build/orig/sdcc/src/pic14/gen.c:2173:genCall
0055   ???? ????      00551         PAGESEL _SW_GetState
                      00552 ;; >>> /home/sdcc-builder/build/sdcc-build/orig/sdcc/src/pic14/gen.c:2175:genCall
0057   2???           00553         CALL    _SW_GetState
                      00554 ;; >>> /home/sdcc-builder/build/sdcc-build/orig/sdcc/src/pic14/gen.c:2181:genCall
0058   ???? ????      00555         PAGESEL $
                      00556 ;;      694 register type nRegs=1
                      00557 ;;; /home/sdcc-builder/build/sdcc-build/orig/sdcc/src/pic14/gen.c:1907:assignResultValue *{*
                      00558 ;; ***  assignResultValue  1909
                      00559 ;;      line = 1911 result -=-, size=0, left AOP_REG=r0x104C, size=1, right -=-, size=0
                      00560 ;; >>> /home/sdcc-builder/build/sdcc-build/orig/sdcc/src/pic14/gen.c:1393:movwf
                      00561 ;;      1109 rIdx = r0x104C 
005A   ???? ????      00562         BANKSEL r0x1006
005C   00??           00563         MOVWF   r0x1006
005D   3A02           00564         XORLW   0x02
                      00565 ;; >>> /home/sdcc-builder/build/sdcc-build/orig/sdcc/src/pic14/gen.c:3687:genCmpEq
005E   1D03           00566         BTFSS   STATUS,2
                      00567 ;; >>> /home/sdcc-builder/build/sdcc-build/orig/sdcc/src/pic14/gen.c:3690:genCmpEq
                      00568 ;; ***  popGetLabel  key=24, label offset 12
005F   2???           00569         GOTO    _00136_DS_
                      00570 ;;; /home/sdcc-builder/build/sdcc-build/orig/sdcc/src/pic14/gen.c:2316:resultRemat *{*
gpasm-1.4.0 #1106 (Oct  6 2014) obj\Debug\VC.   3-31-2020  02:49:33         PAGE 12


LOC    OBJECT CODE    LINE  SOURCE TEXT
  VALUE

                      00571 ;;; /home/sdcc-builder/build/sdcc-build/orig/sdcc/src/pic14/gen.c:2316:resultRemat *{*
                      00572 ;; ***  genPlus  611
                      00573 ;;; /home/sdcc-builder/build/sdcc-build/orig/sdcc/src/pic14/genarith.c:612:genPlus *{*
                      00574 ;; ***  aopForSym 315
                      00575 ;;      327 sym->rname = _VC_Update_D_SW_Counter_1_55, size = 2
                      00576 ;;      575
                      00577 ;;      line = 618 result AOP_DIR=_VC_Update_D_SW_Counter_1_55, size=2, left AOP_DIR=_VC_Update_D_SW_Cou
                            nter_1_55, size=2, right AOP_LIT=0x14, size=2
                      00578 ;;; /home/sdcc-builder/build/sdcc-build/orig/sdcc/src/pic14/genarith.c:142:genPlusIncr *{*
                      00579 ;; ***  genPlusIncr  144
                      00580 ;;      result AOP_DIR, left AOP_DIR, right AOP_LIT
                      00581 ;;      genPlusIncr  156
                      00582 ;;      adding lit to something. size 2
                      00583 ;;; /home/sdcc-builder/build/sdcc-build/orig/sdcc/src/pic14/genarith.c:269:genAddLit *{*
                      00584 ;; ***  genAddLit  270
                      00585 ;; hi = 0       genAddLit  328
                      00586 ;; >>> /home/sdcc-builder/build/sdcc-build/orig/sdcc/src/pic14/genarith.c:344:genAddLit
                      00587         .line   108; "VC.c"     D_SW_Counter+=VC_PERIOD_MS;
0060   3014           00588         MOVLW   0x14
                      00589 ;; >>> /home/sdcc-builder/build/sdcc-build/orig/sdcc/src/pic14/genarith.c:345:genAddLit
                      00590 ;;      1009
                      00591 ;;      1028  _VC_Update_D_SW_Counter_1_55   offset=0
0061   ???? ????      00592         BANKSEL _VC_Update_D_SW_Counter_1_55
0063   07??           00593         ADDWF   _VC_Update_D_SW_Counter_1_55,F
                      00594 ;; >>> /home/sdcc-builder/build/sdcc-build/orig/sdcc/src/pic14/genarith.c:346:genAddLit
0064   1803           00595         BTFSC   STATUS,0
                      00596 ;; >>> /home/sdcc-builder/build/sdcc-build/orig/sdcc/src/pic14/genarith.c:347:genAddLit
                      00597 ;;      1009
                      00598 ;;      1028  _VC_Update_D_SW_Counter_1_55   offset=1
0065   0A??           00599         INCF    (_VC_Update_D_SW_Counter_1_55 + 1),F
                      00600 ;; ***  addSign  861
                      00601 ;;; /home/sdcc-builder/build/sdcc-build/orig/sdcc/src/pic14/genarith.c:862:addSign *{*
                      00602 ;;; /home/sdcc-builder/build/sdcc-build/orig/sdcc/src/pic14/gen.c:2316:resultRemat *{*
                      00603 ;;; /home/sdcc-builder/build/sdcc-build/orig/sdcc/src/pic14/gen.c:3619:genCmpEq *{*
                      00604 ;; ***  genCmpEq  3620
                      00605 ;; ifx is non-null
                      00606 ;; ***  aopForSym 315
                      00607 ;;      327 sym->rname = _VC_Update_D_SW_Counter_1_55, size = 2
                      00608 ;;      line = 3631 result AOP_CRY=0x00, size=0, left AOP_DIR=_VC_Update_D_SW_Counter_1_55, size=2, righ
                            t AOP_LIT=0x30, size=2
                      00609 ;; ***  mov2w  1381  offset=0
                      00610 ;; >>> /home/sdcc-builder/build/sdcc-build/orig/sdcc/src/pic14/gen.c:1386:mov2w
                      00611 ;;      1009
                      00612 ;;      1028  _VC_Update_D_SW_Counter_1_55   offset=0
                      00613         .line   111; "VC.c"     if(D_SW_Counter==D_PRESS_TIME_MS)
0066   08??           00614         MOVF    _VC_Update_D_SW_Counter_1_55,W
                      00615 ;; >>> /home/sdcc-builder/build/sdcc-build/orig/sdcc/src/pic14/gen.c:3685:genCmpEq
0067   3A30           00616         XORLW   0x30
                      00617 ;; >>> /home/sdcc-builder/build/sdcc-build/orig/sdcc/src/pic14/gen.c:3687:genCmpEq
0068   1D03           00618         BTFSS   STATUS,2
                      00619 ;; >>> /home/sdcc-builder/build/sdcc-build/orig/sdcc/src/pic14/gen.c:3690:genCmpEq
                      00620 ;; ***  popGetLabel  key=24, label offset 12
0069   2???           00621         GOTO    _00136_DS_
gpasm-1.4.0 #1106 (Oct  6 2014) obj\Debug\VC.   3-31-2020  02:49:33         PAGE 13


LOC    OBJECT CODE    LINE  SOURCE TEXT
  VALUE

                      00622 ;; ***  mov2w  1381  offset=1
                      00623 ;; >>> /home/sdcc-builder/build/sdcc-build/orig/sdcc/src/pic14/gen.c:1386:mov2w
                      00624 ;;      1009
                      00625 ;;      1028  _VC_Update_D_SW_Counter_1_55   offset=1
006A   08??           00626         MOVF    (_VC_Update_D_SW_Counter_1_55 + 1),W
                      00627 ;; >>> /home/sdcc-builder/build/sdcc-build/orig/sdcc/src/pic14/gen.c:3685:genCmpEq
006B   3A75           00628         XORLW   0x75
                      00629 ;; >>> /home/sdcc-builder/build/sdcc-build/orig/sdcc/src/pic14/gen.c:3687:genCmpEq
006C   1D03           00630         BTFSS   STATUS,2
                      00631 ;; >>> /home/sdcc-builder/build/sdcc-build/orig/sdcc/src/pic14/gen.c:3690:genCmpEq
                      00632 ;; ***  popGetLabel  key=24, label offset 12
006D   2???           00633         GOTO    _00136_DS_
                      00634 ;;; /home/sdcc-builder/build/sdcc-build/orig/sdcc/src/pic14/gen.c:2316:resultRemat *{*
                      00635 ;;; /home/sdcc-builder/build/sdcc-build/orig/sdcc/src/pic14/gen.c:2316:resultRemat *{*
                      00636 ;;; /home/sdcc-builder/build/sdcc-build/orig/sdcc/src/pic14/gen.c:6927:genAssign *{*
                      00637 ;; ***  genAssign  6928
                      00638 ;; ***  aopForSym 315
                      00639 ;;      327 sym->rname = _VC_Update_D_SW_Counter_1_55, size = 2
                      00640 ;;      line = 6937 result AOP_DIR=_VC_Update_D_SW_Counter_1_55, size=2, left -=-, size=0, right AOP_LIT
                            =0x00, size=2
                      00641 ;; ***  genAssign  7023
                      00642 ;; >>> /home/sdcc-builder/build/sdcc-build/orig/sdcc/src/pic14/gen.c:7035:genAssign
                      00643 ;;      1009
                      00644 ;;      1028  _VC_Update_D_SW_Counter_1_55   offset=0
                      00645         .line   113; "VC.c"     D_SW_Counter=0;
006E   01??           00646         CLRF    _VC_Update_D_SW_Counter_1_55
                      00647 ;; ***  genAssign  7023
                      00648 ;; >>> /home/sdcc-builder/build/sdcc-build/orig/sdcc/src/pic14/gen.c:7035:genAssign
                      00649 ;;      1009
                      00650 ;;      1028  _VC_Update_D_SW_Counter_1_55   offset=1
006F   01??           00651         CLRF    (_VC_Update_D_SW_Counter_1_55 + 1)
                      00652 ;;; /home/sdcc-builder/build/sdcc-build/orig/sdcc/src/pic14/gen.c:2316:resultRemat *{*
                      00653 ;;; /home/sdcc-builder/build/sdcc-build/orig/sdcc/src/pic14/gen.c:3547:genCmpGt *{*
                      00654 ;; ***  genCmpGt  3548
                      00655 ;; ***  aopForSym 315
                      00656 ;;      327 sym->rname = _VC_Cur_Speed, size = 1
                      00657 ;;; /home/sdcc-builder/build/sdcc-build/orig/sdcc/src/pic14/gen.c:3294:genCmp *{*
                      00658 ;;swapping arguments (AOP_TYPEs 1/3)
                      00659 ;;unsigned compare: left >= lit(0x2=2), size=1
                      00660 ;; >>> /home/sdcc-builder/build/sdcc-build/orig/sdcc/src/pic14/gen.c:3265:pic14_mov2w_regOrLit
                      00661         .line   114; "VC.c"     if(VC_Cur_Speed>VC_MIN_Speed)
0070   3002           00662         MOVLW   0x02
                      00663 ;; >>> /home/sdcc-builder/build/sdcc-build/orig/sdcc/src/pic14/gen.c:3432:genCmp
                      00664 ;;      1009
                      00665 ;;      1028  _VC_Cur_Speed   offset=0
                      00666         .line   116; "VC.c"     VC_Cur_Speed--;
0071   ???? ????      00667         BANKSEL _VC_Cur_Speed
0073   02??           00668         SUBWF   _VC_Cur_Speed,W
                      00669         .line   65; "VC.c"      for(index=SW_PLUS;index<N_SWITCHES;index++)
0074   1803           00670         BTFSC   STATUS,0
0075   03??           00671         DECF    _VC_Cur_Speed,F
0076                  00672 _00136_DS_
0076   ???? ????      00673         BANKSEL r0x1005
gpasm-1.4.0 #1106 (Oct  6 2014) obj\Debug\VC.   3-31-2020  02:49:33         PAGE 14


LOC    OBJECT CODE    LINE  SOURCE TEXT
  VALUE

0078   0A??           00674         INCF    r0x1005,F
0079   3003           00675         MOVLW   0x03
                      00676 ;; >>> /home/sdcc-builder/build/sdcc-build/orig/sdcc/src/pic14/gen.c:3432:genCmp
                      00677 ;;      1109 rIdx = r0x104B 
007A   02??           00678         SUBWF   r0x1005,W
                      00679 ;;; /home/sdcc-builder/build/sdcc-build/orig/sdcc/src/pic14/gen.c:3237:genSkipc *{*
                      00680 ;; >>> /home/sdcc-builder/build/sdcc-build/orig/sdcc/src/pic14/gen.c:3244:genSkipc
007B   1C03           00681         BTFSS   STATUS,0
                      00682 ;; >>> /home/sdcc-builder/build/sdcc-build/orig/sdcc/src/pic14/gen.c:3246:genSkipc
                      00683 ;; ***  popGetLabel  key=23, label offset 12
007C   2???           00684         GOTO    _00135_DS_
                      00685 ;;genSkipc:3247: created from rifx:027A5DF4
                      00686 ;;; /home/sdcc-builder/build/sdcc-build/orig/sdcc/src/pic14/gen.c:2316:resultRemat *{*
                      00687 ;;; /home/sdcc-builder/build/sdcc-build/orig/sdcc/src/pic14/gen.c:2316:resultRemat *{*
                      00688 ;;; /home/sdcc-builder/build/sdcc-build/orig/sdcc/src/pic14/gen.c:2760:genLabel *{*
                      00689 ;; ***  genLabel  2763
                      00690 ;;; /home/sdcc-builder/build/sdcc-build/orig/sdcc/src/pic14/gen.c:2316:resultRemat *{*
                      00691 ;;; /home/sdcc-builder/build/sdcc-build/orig/sdcc/src/pic14/gen.c:2528:genEndFunction *{*
                      00692 ;; ***  genEndFunction  2530
007D                  00693 _00137_DS_
007D   0008           00694         RETURN  
                      00695 ; exit point of _VC_Update
                      00696 ;;; /home/sdcc-builder/build/sdcc-build/orig/sdcc/src/pic14/gen.c:7426:genpic14Code *{*
                      00697 
                      00698 ;***
                      00699 ;  pBlock Stats: dbName = C
                      00700 ;***
                      00701 ;entry:  _VC_GetSpeed   ;Function start
                      00702 ; 2 exit points
                      00703 ;has an exit
                      00704 ;; Starting pCode block
                      00705 ;;; /home/sdcc-builder/build/sdcc-build/orig/sdcc/src/pic14/gen.c:2316:resultRemat *{*
                      00706 ;;; /home/sdcc-builder/build/sdcc-build/orig/sdcc/src/pic14/gen.c:2760:genLabel *{*
                      00707 ;; ***  genLabel  2763
                      00708 ;;; /home/sdcc-builder/build/sdcc-build/orig/sdcc/src/pic14/gen.c:2316:resultRemat *{*
                      00709 ;;; /home/sdcc-builder/build/sdcc-build/orig/sdcc/src/pic14/gen.c:2340:genFunction *{*
                      00710 ;; ***  genFunction  2342 curr label offset=4previous max_key=0 
007E                  00711 _VC_GetSpeed    ;Function start
                      00712 ; 2 exit points
                      00713 ;;; /home/sdcc-builder/build/sdcc-build/orig/sdcc/src/pic14/gen.c:2316:resultRemat *{*
                      00714 ;;; /home/sdcc-builder/build/sdcc-build/orig/sdcc/src/pic14/gen.c:2683:genRet *{*
                      00715 ;; ***  genRet  2685
                      00716 ;; ***  aopForSym 315
                      00717 ;;      327 sym->rname = _VC_Cur_Speed, size = 1
                      00718 ;;; /home/sdcc-builder/build/sdcc-build/orig/sdcc/src/pic14/gen.c:1343:mov2w_op *{*
                      00719 ;; ***  mov2w  1381  offset=0
                      00720 ;; >>> /home/sdcc-builder/build/sdcc-build/orig/sdcc/src/pic14/gen.c:1386:mov2w
                      00721 ;;      1009
                      00722 ;;      1024  _VC_Cur_Speed   offset=0 - had to alloc by reg name
                      00723         .line   42; "VC.c"      return VC_Cur_Speed;
007E   ???? ????      00724         BANKSEL _VC_Cur_Speed
0080   08??           00725         MOVF    _VC_Cur_Speed,W
                      00726 ;;; /home/sdcc-builder/build/sdcc-build/orig/sdcc/src/pic14/gen.c:2316:resultRemat *{*
gpasm-1.4.0 #1106 (Oct  6 2014) obj\Debug\VC.   3-31-2020  02:49:33         PAGE 15


LOC    OBJECT CODE    LINE  SOURCE TEXT
  VALUE

                      00727 ;;; /home/sdcc-builder/build/sdcc-build/orig/sdcc/src/pic14/gen.c:2760:genLabel *{*
                      00728 ;; ***  genLabel  2763
                      00729 ;;; /home/sdcc-builder/build/sdcc-build/orig/sdcc/src/pic14/gen.c:2316:resultRemat *{*
                      00730 ;;; /home/sdcc-builder/build/sdcc-build/orig/sdcc/src/pic14/gen.c:2528:genEndFunction *{*
                      00731 ;; ***  genEndFunction  2530
0081   0008           00732         RETURN  
                      00733 ; exit point of _VC_GetSpeed
                      00734 ;;; /home/sdcc-builder/build/sdcc-build/orig/sdcc/src/pic14/gen.c:7426:genpic14Code *{*
                      00735 
                      00736 ;***
                      00737 ;  pBlock Stats: dbName = C
                      00738 ;***
                      00739 ;entry:  _VC_Init       ;Function start
                      00740 ; 2 exit points
                      00741 ;has an exit
                      00742 ;functions called:
                      00743 ;   _Motor_Init
                      00744 ;   _SW_Init
                      00745 ;   _Delay_Init
                      00746 ;   _Motor_Init
                      00747 ;   _SW_Init
                      00748 ;   _Delay_Init
                      00749 ;; Starting pCode block
                      00750 ;;; /home/sdcc-builder/build/sdcc-build/orig/sdcc/src/pic14/gen.c:2316:resultRemat *{*
                      00751 ;;; /home/sdcc-builder/build/sdcc-build/orig/sdcc/src/pic14/gen.c:2760:genLabel *{*
                      00752 ;; ***  genLabel  2763
                      00753 ;;; /home/sdcc-builder/build/sdcc-build/orig/sdcc/src/pic14/gen.c:2316:resultRemat *{*
                      00754 ;;; /home/sdcc-builder/build/sdcc-build/orig/sdcc/src/pic14/gen.c:2340:genFunction *{*
                      00755 ;; ***  genFunction  2342 curr label offset=0previous max_key=0 
0082                  00756 _VC_Init        ;Function start
                      00757 ; 2 exit points
                      00758 ;;; /home/sdcc-builder/build/sdcc-build/orig/sdcc/src/pic14/gen.c:2316:resultRemat *{*
                      00759 ;;; /home/sdcc-builder/build/sdcc-build/orig/sdcc/src/pic14/gen.c:2316:resultRemat *{*
                      00760 ;;; /home/sdcc-builder/build/sdcc-build/orig/sdcc/src/pic14/gen.c:2086:genCall *{*
                      00761 ;; ***  genCall  2088
                      00762 ;;; /home/sdcc-builder/build/sdcc-build/orig/sdcc/src/pic14/gen.c:1801:saveRegisters *{*
                      00763 ;; ***  saveRegisters  1803
                      00764 ;;      2135 left AOP_LIT
                      00765 ;;; /home/sdcc-builder/build/sdcc-build/orig/sdcc/src/pic14/gen.c:1343:mov2w_op *{*
                      00766 ;; >>> /home/sdcc-builder/build/sdcc-build/orig/sdcc/src/pic14/gen.c:1361:mov2w_op
                      00767         .line   28; "VC.c"      Motor_Init(Motor_1);
0082   3000           00768         MOVLW   0x00
                      00769 ;; >>> /home/sdcc-builder/build/sdcc-build/orig/sdcc/src/pic14/gen.c:2173:genCall
0083   ???? ????      00770         PAGESEL _Motor_Init
                      00771 ;; >>> /home/sdcc-builder/build/sdcc-build/orig/sdcc/src/pic14/gen.c:2175:genCall
0085   2???           00772         CALL    _Motor_Init
                      00773 ;; >>> /home/sdcc-builder/build/sdcc-build/orig/sdcc/src/pic14/gen.c:2181:genCall
0086   ???? ????      00774         PAGESEL $
                      00775 ;;; /home/sdcc-builder/build/sdcc-build/orig/sdcc/src/pic14/gen.c:1845:unsaveRegisters *{*
                      00776 ;; ***  unsaveRegisters  1847
                      00777 ;;; /home/sdcc-builder/build/sdcc-build/orig/sdcc/src/pic14/gen.c:2316:resultRemat *{*
                      00778 ;;; /home/sdcc-builder/build/sdcc-build/orig/sdcc/src/pic14/gen.c:2086:genCall *{*
                      00779 ;; ***  genCall  2088
gpasm-1.4.0 #1106 (Oct  6 2014) obj\Debug\VC.   3-31-2020  02:49:33         PAGE 16


LOC    OBJECT CODE    LINE  SOURCE TEXT
  VALUE

                      00780 ;;; /home/sdcc-builder/build/sdcc-build/orig/sdcc/src/pic14/gen.c:1801:saveRegisters *{*
                      00781 ;; ***  saveRegisters  1803
                      00782 ;; >>> /home/sdcc-builder/build/sdcc-build/orig/sdcc/src/pic14/gen.c:2173:genCall
                      00783         .line   30; "VC.c"      SW_Init();
0088   ???? ????      00784         PAGESEL _SW_Init
                      00785 ;; >>> /home/sdcc-builder/build/sdcc-build/orig/sdcc/src/pic14/gen.c:2175:genCall
008A   2???           00786         CALL    _SW_Init
                      00787 ;; >>> /home/sdcc-builder/build/sdcc-build/orig/sdcc/src/pic14/gen.c:2181:genCall
008B   ???? ????      00788         PAGESEL $
                      00789 ;;; /home/sdcc-builder/build/sdcc-build/orig/sdcc/src/pic14/gen.c:1845:unsaveRegisters *{*
                      00790 ;; ***  unsaveRegisters  1847
                      00791 ;;; /home/sdcc-builder/build/sdcc-build/orig/sdcc/src/pic14/gen.c:2316:resultRemat *{*
                      00792 ;;; /home/sdcc-builder/build/sdcc-build/orig/sdcc/src/pic14/gen.c:2086:genCall *{*
                      00793 ;; ***  genCall  2088
                      00794 ;;; /home/sdcc-builder/build/sdcc-build/orig/sdcc/src/pic14/gen.c:1801:saveRegisters *{*
                      00795 ;; ***  saveRegisters  1803
                      00796 ;; >>> /home/sdcc-builder/build/sdcc-build/orig/sdcc/src/pic14/gen.c:2173:genCall
                      00797         .line   31; "VC.c"      Delay_Init();
008D   ???? ????      00798         PAGESEL _Delay_Init
                      00799 ;; >>> /home/sdcc-builder/build/sdcc-build/orig/sdcc/src/pic14/gen.c:2175:genCall
008F   2???           00800         CALL    _Delay_Init
                      00801 ;; >>> /home/sdcc-builder/build/sdcc-build/orig/sdcc/src/pic14/gen.c:2181:genCall
0090   ???? ????      00802         PAGESEL $
                      00803 ;;; /home/sdcc-builder/build/sdcc-build/orig/sdcc/src/pic14/gen.c:1845:unsaveRegisters *{*
                      00804 ;; ***  unsaveRegisters  1847
                      00805 ;;; /home/sdcc-builder/build/sdcc-build/orig/sdcc/src/pic14/gen.c:2316:resultRemat *{*
                      00806 ;;; /home/sdcc-builder/build/sdcc-build/orig/sdcc/src/pic14/gen.c:2760:genLabel *{*
                      00807 ;; ***  genLabel  2763
                      00808 ;;; /home/sdcc-builder/build/sdcc-build/orig/sdcc/src/pic14/gen.c:2316:resultRemat *{*
                      00809 ;;; /home/sdcc-builder/build/sdcc-build/orig/sdcc/src/pic14/gen.c:2528:genEndFunction *{*
                      00810 ;; ***  genEndFunction  2530
0092   0008           00811         RETURN  
                      00812 ; exit point of _VC_Init
                      00813 ;;; /home/sdcc-builder/build/sdcc-build/orig/sdcc/src/pic14/gen.c:7426:genpic14Code *{*
                      00814 
                      00815 
                      00816 ;       code size estimation:
                      00817 ;          91+   28 =   119 instructions (  294 byte)
                      00818 
                      00819         end
gpasm-1.4.0 #1106 (Oct  6 2014) obj\Debug\VC.   3-31-2020  02:49:33         PAGE 17


SYMBOL TABLE
  LABEL                             VALUE

ACKDT                             00000005
ACKEN                             00000004
ACKSTAT                           00000006
ADCON0                            0000001F
ADCON1                            0000009F
ADCS0                             00000006
ADCS1                             00000007
ADCS2                             00000006
ADDEN                             00000003
ADFM                              00000007
ADIE                              00000006
ADIF                              00000006
ADON                              00000000
ADRESH                            0000001E
ADRESL                            0000009E
BCLIE                             00000003
BCLIF                             00000003
BF                                00000000
BRGH                              00000002
C                                 00000000
C1INV                             00000004
C1OUT                             00000006
C2INV                             00000005
C2OUT                             00000007
CCP1CON                           00000017
CCP1IE                            00000002
CCP1IF                            00000002
CCP1M0                            00000000
CCP1M1                            00000001
CCP1M2                            00000002
CCP1M3                            00000003
CCP1X                             00000005
CCP1Y                             00000004
CCP2CON                           0000001D
CCP2IE                            00000000
CCP2IF                            00000000
CCP2M0                            00000000
CCP2M1                            00000001
CCP2M2                            00000002
CCP2M3                            00000003
CCP2X                             00000005
CCP2Y                             00000004
CCPR1                             00000015
CCPR1H                            00000016
CCPR1L                            00000015
CCPR2                             0000001B
CCPR2H                            0000001C
CCPR2L                            0000001B
CHS0                              00000003
CHS1                              00000004
CHS2                              00000005
CIS                               00000003
CKE                               00000006
gpasm-1.4.0 #1106 (Oct  6 2014) obj\Debug\VC.   3-31-2020  02:49:33         PAGE 18


SYMBOL TABLE
  LABEL                             VALUE 

CKP                               00000004
CM0                               00000000
CM1                               00000001
CM2                               00000002
CMCON                             0000009C
CMIE                              00000006
CMIF                              00000006
CREN                              00000004
CSRC                              00000007
CVR0                              00000000
CVR1                              00000001
CVR2                              00000002
CVR3                              00000003
CVRCON                            0000009D
CVREN                             00000007
CVROE                             00000006
CVRR                              00000005
D                                 00000005
DATA_ADDRESS                      00000005
DC                                00000001
D_A                               00000005
D_NOT_A                           00000005
EEADR                             0000010D
EEADRH                            0000010F
EECON1                            0000018C
EECON2                            0000018D
EEDATA                            0000010C
EEDATH                            0000010E
EEIE                              00000004
EEIF                              00000004
EEPGD                             00000007
F                                 00000001
FERR                              00000002
FSR                               00000004
GCEN                              00000007
GIE                               00000007
GO                                00000002
GO_DONE                           00000002
GO_NOT_DONE                       00000002
I2C_DATA                          00000005
I2C_READ                          00000002
I2C_START                         00000003
I2C_STOP                          00000004
IBF                               00000007
IBOV                              00000005
INDF                              00000000
INTCON                            0000000B
INTE                              00000004
INTEDG                            00000006
INTF                              00000001
IRP                               00000007
NOT_A                             00000005
NOT_ADDRESS                       00000005
gpasm-1.4.0 #1106 (Oct  6 2014) obj\Debug\VC.   3-31-2020  02:49:33         PAGE 19


SYMBOL TABLE
  LABEL                             VALUE 

NOT_BO                            00000000
NOT_BOR                           00000000
NOT_DONE                          00000002
NOT_PD                            00000003
NOT_POR                           00000001
NOT_RBPU                          00000007
NOT_RC8                           00000006
NOT_T1SYNC                        00000002
NOT_TO                            00000004
NOT_TX8                           00000006
NOT_W                             00000002
NOT_WRITE                         00000002
OBF                               00000006
OERR                              00000001
OPTION_REG                        00000081
P                                 00000004
PCFG0                             00000000
PCFG1                             00000001
PCFG2                             00000002
PCFG3                             00000003
PCL                               00000002
PCLATH                            0000000A
PCON                              0000008E
PEIE                              00000006
PEN                               00000002
PIE1                              0000008C
PIE2                              0000008D
PIR1                              0000000C
PIR2                              0000000D
PORTA                             00000005
PORTB                             00000006
PORTC                             00000007
PORTD                             00000008
PORTE                             00000009
PR2                               00000092
PS0                               00000000
PS1                               00000001
PS2                               00000002
PSA                               00000003
PSAVE                             00000000
PSPIE                             00000007
PSPIF                             00000007
PSPMODE                           00000004
R                                 00000002
RA0                               00000000
RA1                               00000001
RA2                               00000002
RA3                               00000003
RA4                               00000004
RA5                               00000005
RB0                               00000000
RB1                               00000001
RB2                               00000002
gpasm-1.4.0 #1106 (Oct  6 2014) obj\Debug\VC.   3-31-2020  02:49:33         PAGE 20


SYMBOL TABLE
  LABEL                             VALUE 

RB3                               00000003
RB4                               00000004
RB5                               00000005
RB6                               00000006
RB7                               00000007
RBIE                              00000003
RBIF                              00000000
RC0                               00000000
RC1                               00000001
RC2                               00000002
RC3                               00000003
RC4                               00000004
RC5                               00000005
RC6                               00000006
RC7                               00000007
RC8_9                             00000006
RC9                               00000006
RCD8                              00000000
RCEN                              00000003
RCIE                              00000005
RCIF                              00000005
RCREG                             0000001A
RCSTA                             00000018
RD                                00000000
RD0                               00000000
RD1                               00000001
RD2                               00000002
RD3                               00000003
RD4                               00000004
RD5                               00000005
RD6                               00000006
RD7                               00000007
RE0                               00000000
RE1                               00000001
RE2                               00000002
READ_WRITE                        00000002
RP0                               00000005
RP1                               00000006
RSEN                              00000001
RX9                               00000006
RX9D                              00000000
R_NOT_W                           00000002
R_W                               00000002
S                                 00000003
SEN                               00000000
SMP                               00000007
SPBRG                             00000099
SPEN                              00000007
SREN                              00000005
SSAVE                             00000000
SSPADD                            00000093
SSPBUF                            00000013
SSPCON                            00000014
gpasm-1.4.0 #1106 (Oct  6 2014) obj\Debug\VC.   3-31-2020  02:49:33         PAGE 21


SYMBOL TABLE
  LABEL                             VALUE 

SSPCON2                           00000091
SSPEN                             00000005
SSPIE                             00000003
SSPIF                             00000003
SSPM0                             00000000
SSPM1                             00000001
SSPM2                             00000002
SSPM3                             00000003
SSPOV                             00000006
SSPSTAT                           00000094
STATUS                            00000003
STK00                             00000000
STK01                             00000000
STK02                             00000000
STK03                             00000000
STK04                             00000000
STK05                             00000000
STK06                             00000000
STK07                             00000000
STK08                             00000000
STK09                             00000000
STK10                             00000000
STK11                             00000000
STK12                             00000000
SYNC                              00000004
T0CS                              00000005
T0IE                              00000005
T0IF                              00000002
T0SE                              00000004
T1CKPS0                           00000004
T1CKPS1                           00000005
T1CON                             00000010
T1INSYNC                          00000002
T1OSCEN                           00000003
T1SYNC                            00000002
T2CKPS0                           00000000
T2CKPS1                           00000001
T2CON                             00000012
TMR0                              00000001
TMR0IE                            00000005
TMR0IF                            00000002
TMR1                              0000000E
TMR1CS                            00000001
TMR1H                             0000000F
TMR1IE                            00000000
TMR1IF                            00000000
TMR1L                             0000000E
TMR1ON                            00000000
TMR2                              00000011
TMR2IE                            00000001
TMR2IF                            00000001
TMR2ON                            00000002
TOUTPS0                           00000003
gpasm-1.4.0 #1106 (Oct  6 2014) obj\Debug\VC.   3-31-2020  02:49:33         PAGE 22


SYMBOL TABLE
  LABEL                             VALUE 

TOUTPS1                           00000004
TOUTPS2                           00000005
TOUTPS3                           00000006
TRISA                             00000085
TRISA0                            00000000
TRISA1                            00000001
TRISA2                            00000002
TRISA3                            00000003
TRISA4                            00000004
TRISA5                            00000005
TRISB                             00000086
TRISB0                            00000000
TRISB1                            00000001
TRISB2                            00000002
TRISB3                            00000003
TRISB4                            00000004
TRISB5                            00000005
TRISB6                            00000006
TRISB7                            00000007
TRISC                             00000087
TRISC0                            00000000
TRISC1                            00000001
TRISC2                            00000002
TRISC3                            00000003
TRISC4                            00000004
TRISC5                            00000005
TRISC6                            00000006
TRISC7                            00000007
TRISD                             00000088
TRISD0                            00000000
TRISD1                            00000001
TRISD2                            00000002
TRISD3                            00000003
TRISD4                            00000004
TRISD5                            00000005
TRISD6                            00000006
TRISD7                            00000007
TRISE                             00000089
TRISE0                            00000000
TRISE1                            00000001
TRISE2                            00000002
TRMT                              00000001
TX8_9                             00000006
TX9                               00000006
TX9D                              00000000
TXD8                              00000000
TXEN                              00000005
TXIE                              00000004
TXIF                              00000004
TXREG                             00000019
TXSTA                             00000098
UA                                00000001
W                                 00000000
gpasm-1.4.0 #1106 (Oct  6 2014) obj\Debug\VC.   3-31-2020  02:49:33         PAGE 23


SYMBOL TABLE
  LABEL                             VALUE 

WCOL                              00000007
WR                                00000001
WREN                              00000002
WRERR                             00000003
WSAVE                             00000000
Z                                 00000002
_00001_DS_                        00000028
_00115_DS_                        0000002C
_00120_DS_                        00000040
_00125_DS_                        00000054
_00135_DS_                        00000015
_00136_DS_                        00000076
_00137_DS_                        0000007D
_00170_DS_                        0000000D
_00172_DS_                        00000029
_ADCON0                           00000000
_ADCON0bits                       00000000
_ADCON1                           00000000
_ADCON1bits                       00000000
_ADRESH                           00000000
_ADRESL                           00000000
_BODEN_OFF                        00003FBF
_BODEN_ON                         00003FFF
_BOREN_OFF                        00003FBF
_BOREN_ON                         00003FFF
_CCP1CON                          00000000
_CCP1CONbits                      00000000
_CCP2CON                          00000000
_CCP2CONbits                      00000000
_CCPR1                            00000000
_CCPR1H                           00000000
_CCPR1L                           00000000
_CCPR2                            00000000
_CCPR2H                           00000000
_CCPR2L                           00000000
_CMCON                            00000000
_CMCONbits                        00000000
_CONFIG                           00002007
_CPD_OFF                          00003FFF
_CPD_ON                           00003EFF
_CP_ALL                           00001FFF
_CP_OFF                           00003FFF
_CP_ON                            00001FFF
_CVRCON                           00000000
_CVRCONbits                       00000000
_DEBUG_OFF                        00003FFF
_DEBUG_ON                         000037FF
_DEVID1                           00002006
_Delay_Init                       00000000
_Delay_Start                      00000000
_Delay_Stop                       00000000
_EEADR                            00000000
_EEADRH                           00000000
gpasm-1.4.0 #1106 (Oct  6 2014) obj\Debug\VC.   3-31-2020  02:49:33         PAGE 24


SYMBOL TABLE
  LABEL                             VALUE 

_EECON1                           00000000
_EECON1bits                       00000000
_EECON2                           00000000
_EEDATA                           00000000
_EEDATH                           00000000
_FOSC_EXTRC                       00003FFF
_FOSC_HS                          00003FFE
_FOSC_LP                          00003FFC
_FOSC_XT                          00003FFD
_FSR                              00000000
_HS_OSC                           00003FFE
_IDLOC0                           00002000
_IDLOC1                           00002001
_IDLOC2                           00002002
_IDLOC3                           00002003
_INDF                             00000000
_INTCON                           00000000
_INTCONbits                       00000000
_LP_OSC                           00003FFC
_LVP_OFF                          00003F7F
_LVP_ON                           00003FFF
_Motor_GetAngel                   00000000
_Motor_GetState                   00000000
_Motor_Init                       00000000
_Motor_Out                        00000000
_Motor_SetState                   00000000
_Motor_Stop                       00000000
_Motor_Update                     00000000
_OPTION_REG                       00000000
_OPTION_REGbits                   00000000
_PCL                              00000000
_PCLATH                           00000000
_PCON                             00000000
_PCONbits                         00000000
_PIE1                             00000000
_PIE1bits                         00000000
_PIE2                             00000000
_PIE2bits                         00000000
_PIR1                             00000000
_PIR1bits                         00000000
_PIR2                             00000000
_PIR2bits                         00000000
_PORTA                            00000000
_PORTAbits                        00000000
_PORTB                            00000000
_PORTBbits                        00000000
_PORTC                            00000000
_PORTCbits                        00000000
_PORTD                            00000000
_PORTDbits                        00000000
_PORTE                            00000000
_PORTEbits                        00000000
_PR2                              00000000
gpasm-1.4.0 #1106 (Oct  6 2014) obj\Debug\VC.   3-31-2020  02:49:33         PAGE 25


SYMBOL TABLE
  LABEL                             VALUE 

_PWRTE_OFF                        00003FFF
_PWRTE_ON                         00003FF7
_RCREG                            00000000
_RCSTA                            00000000
_RCSTAbits                        00000000
_RC_OSC                           00003FFF
_SPBRG                            00000000
_SSPADD                           00000000
_SSPBUF                           00000000
_SSPCON                           00000000
_SSPCON2                          00000000
_SSPCON2bits                      00000000
_SSPCONbits                       00000000
_SSPSTAT                          00000000
_SSPSTATbits                      00000000
_STATUS                           00000000
_STATUSbits                       00000000
_SW_GetState                      00000000
_SW_Init                          00000000
_SW_Update                        00000000
_T1CON                            00000000
_T1CONbits                        00000000
_T2CON                            00000000
_T2CONbits                        00000000
_TMR0                             00000000
_TMR1                             00000000
_TMR1H                            00000000
_TMR1L                            00000000
_TMR2                             00000000
_TMR_CheckOverFlow                00000000
_TMR_Delay_CheckOverFlow          00000000
_TMR_Delay_MS                     00000000
_TMR_Init                         00000000
_TMR_Start                        00000000
_TMR_Stop                         00000000
_TMR_Update                       00000000
_TRISA                            00000000
_TRISAbits                        00000000
_TRISB                            00000000
_TRISBbits                        00000000
_TRISC                            00000000
_TRISCbits                        00000000
_TRISD                            00000000
_TRISDbits                        00000000
_TRISE                            00000000
_TRISEbits                        00000000
_TXREG                            00000000
_TXSTA                            00000000
_TXSTAbits                        00000000
_VC_Cur_Speed                     00000000
_VC_GetSpeed                      0000007E
_VC_Init                          00000082
_VC_Update                        00000000
gpasm-1.4.0 #1106 (Oct  6 2014) obj\Debug\VC.   3-31-2020  02:49:33         PAGE 26


SYMBOL TABLE
  LABEL                             VALUE 

_VC_Update_D_SW_Counter_1_55      00000004
_VC_Update_VC_Counter_1_55        00000002
_WDTE_OFF                         00003FFB
_WDTE_ON                          00003FFF
_WDT_OFF                          00003FFB
_WDT_ON                           00003FFF
_WRT_1FOURTH                      00003BFF
_WRT_256                          00003DFF
_WRT_HALF                         000039FF
_WRT_OFF                          00003FFF
_XT_OSC                           00003FFD
__16F877A                         00000001
__CODE_END                        00001FFF
__CODE_START                      00000000
__COMMON_RAM_END                  0000007F
__COMMON_RAM_START                00000070
__EEPROM_END                      000021FF
__EEPROM_START                    00002100
__VECTOR_INT                      00000004
__VECTOR_RESET                    00000000
__itoa                            00000000
__ltoa                            00000000
__print_format                    00000000
__uitoa                           00000000
__ultoa                           00000000
_abs                              00000000
_atof                             00000000
_atoi                             00000000
_atol                             00000000
_calloc                           00000000
_code_VC_0030                     00000030
_code_VC_0044                     00000044
_code_VC_0058                     00000058
_code_VC_0086                     00000086
_code_VC_008B                     0000008B
_code_VC_0090                     00000090
_free                             00000000
_getchar                          00000000
_gets                             00000000
_labs                             00000000
_malloc                           00000000
_printf                           00000000
_printf_small                     00000000
_putchar                          00000000
_puts                             00000000
_rand                             00000000
_realloc                          00000000
_sprintf                          00000000
_srand                            00000000
_vprintf                          00000000
_vsprintf                         00000000
r0x1005                           00000000
r0x1006                           00000001

gpasm-1.4.0 #1106 (Oct  6 2014) obj\Debug\VC.   3-31-2020  02:49:33         PAGE 27




Errors   :     0
Warnings :     0 reported,     0 suppressed
Messages :     0 reported,     0 suppressed

